<?xml version="1.0" encoding="UTF-8"?>
<coverage generated="1780532274728" clover="3.2.0">
  <project timestamp="1780532274728" name="All files">
    <metrics statements="58" coveredstatements="58" conditionals="67" coveredconditionals="67" methods="5" coveredmethods="5" elements="130" coveredelements="130" complexity="0" loc="58" ncloc="58" packages="1" files="5" classes="5"/>
    <file name="actualizarAlquiler.js" path="C:\Users\dell\Desktop\UNI\Programación grupal 2026\smart_tito_rent\src\components\test\actualizarAlquiler.js">
      <metrics statements="11" coveredstatements="11" conditionals="11" coveredconditionals="11" methods="1" coveredmethods="1"/>
      <line num="7" count="4" type="stmt"/>
      <line num="10" count="4" type="cond" truecount="5" falsecount="0"/>
      <line num="11" count="1" type="stmt"/>
      <line num="18" count="3" type="cond" truecount="4" falsecount="0"/>
      <line num="19" count="1" type="stmt"/>
      <line num="26" count="2" type="stmt"/>
      <line num="27" count="2" type="stmt"/>
      <line num="29" count="2" type="cond" truecount="2" falsecount="0"/>
      <line num="30" count="1" type="stmt"/>
      <line num="36" count="1" type="stmt"/>
      <line num="39" count="1" type="stmt"/>
    </file>
    <file name="registroAlquiler.js" path="C:\Users\dell\Desktop\UNI\Programación grupal 2026\smart_tito_rent\src\components\test\registroAlquiler.js">
      <metrics statements="9" coveredstatements="9" conditionals="8" coveredconditionals="8" methods="1" coveredmethods="1"/>
      <line num="7" count="5" type="stmt"/>
      <line num="10" count="5" type="cond" truecount="6" falsecount="0"/>
      <line num="11" count="3" type="stmt"/>
      <line num="18" count="2" type="stmt"/>
      <line num="19" count="2" type="stmt"/>
      <line num="21" count="2" type="cond" truecount="2" falsecount="0"/>
      <line num="22" count="1" type="stmt"/>
      <line num="28" count="1" type="stmt"/>
      <line num="34" count="1" type="stmt"/>
    </file>
    <file name="registroCliente.js" path="C:\Users\dell\Desktop\UNI\Programación grupal 2026\smart_tito_rent\src\components\test\registroCliente.js">
      <metrics statements="13" coveredstatements="13" conditionals="15" coveredconditionals="15" methods="1" coveredmethods="1"/>
      <line num="11" count="5" type="stmt"/>
      <line num="14" count="5" type="cond" truecount="9" falsecount="0"/>
      <line num="15" count="1" type="stmt"/>
      <line num="22" count="4" type="stmt"/>
      <line num="24" count="4" type="cond" truecount="2" falsecount="0"/>
      <line num="25" count="1" type="stmt"/>
      <line num="32" count="3" type="stmt"/>
      <line num="34" count="3" type="cond" truecount="2" falsecount="0"/>
      <line num="35" count="1" type="stmt"/>
      <line num="42" count="2" type="cond" truecount="2" falsecount="0"/>
      <line num="43" count="1" type="stmt"/>
      <line num="49" count="1" type="stmt"/>
      <line num="52" count="1" type="stmt"/>
    </file>
    <file name="registroCoche.js" path="C:\Users\dell\Desktop\UNI\Programación grupal 2026\smart_tito_rent\src\components\test\registroCoche.js">
      <metrics statements="12" coveredstatements="12" conditionals="18" coveredconditionals="18" methods="1" coveredmethods="1"/>
      <line num="10" count="5" type="stmt"/>
      <line num="13" count="5" type="cond" truecount="8" falsecount="0"/>
      <line num="14" count="1" type="stmt"/>
      <line num="21" count="4" type="cond" truecount="4" falsecount="0"/>
      <line num="22" count="1" type="stmt"/>
      <line num="29" count="3" type="cond" truecount="4" falsecount="0"/>
      <line num="30" count="1" type="stmt"/>
      <line num="37" count="2" type="stmt"/>
      <line num="39" count="2" type="cond" truecount="2" falsecount="0"/>
      <line num="40" count="1" type="stmt"/>
      <line num="46" count="1" type="stmt"/>
      <line num="49" count="1" type="stmt"/>
    </file>
    <file name="registroEmpleado.js" path="C:\Users\dell\Desktop\UNI\Programación grupal 2026\smart_tito_rent\src\components\test\registroEmpleado.js">
      <metrics statements="13" coveredstatements="13" conditionals="15" coveredconditionals="15" methods="1" coveredmethods="1"/>
      <line num="11" count="5" type="stmt"/>
      <line num="14" count="5" type="cond" truecount="9" falsecount="0"/>
      <line num="15" count="1" type="stmt"/>
      <line num="22" count="4" type="stmt"/>
      <line num="24" count="4" type="cond" truecount="2" falsecount="0"/>
      <line num="25" count="1" type="stmt"/>
      <line num="32" count="3" type="stmt"/>
      <line num="34" count="3" type="cond" truecount="2" falsecount="0"/>
      <line num="35" count="1" type="stmt"/>
      <line num="42" count="2" type="cond" truecount="2" falsecount="0"/>
      <line num="43" count="1" type="stmt"/>
      <line num="49" count="1" type="stmt"/>
      <line num="52" count="1" type="stmt"/>
    </file>
  </project>
</coverage>
