<?xml version="1.0" encoding="UTF-8"?>
<coverage generated="1781143079212" clover="3.2.0">
  <project timestamp="1781143079212" name="All files">
    <metrics statements="11" coveredstatements="11" conditionals="11" coveredconditionals="11" methods="1" coveredmethods="1" elements="23" coveredelements="23" complexity="0" loc="11" ncloc="11" packages="1" files="1" classes="1"/>
    <file name="actualizarAlquiler.js" path="C:\Users\dell\Desktop\UNI\Programación grupal 2026\smart_tito_rent\src\components\test\actualizarAlquiler.js">
      <metrics statements="11" coveredstatements="11" conditionals="11" coveredconditionals="11" methods="1" coveredmethods="1"/>
      <line num="7" count="4" type="stmt"/>
      <line num="10" count="4" type="cond" truecount="5" falsecount="0"/>
      <line num="11" count="1" type="stmt"/>
      <line num="18" count="3" type="cond" truecount="4" falsecount="0"/>
      <line num="19" count="1" type="stmt"/>
      <line num="26" count="2" type="stmt"/>
      <line num="27" count="2" type="stmt"/>
      <line num="29" count="2" type="cond" truecount="2" falsecount="0"/>
      <line num="30" count="1" type="stmt"/>
      <line num="36" count="1" type="stmt"/>
      <line num="39" count="1" type="stmt"/>
    </file>
  </project>
</coverage>
