{"C:\\Users\\dell\\Desktop\\UNI\\Programación grupal 2026\\smart_tito_rent\\src\\components\\test\\actualizarAlquiler.js": {"path":"C:\\Users\\dell\\Desktop\\UNI\\Programación grupal 2026\\smart_tito_rent\\src\\components\\test\\actualizarAlquiler.js","statementMap":{"0":{"start":{"line":7,"column":8},"end":{"line":7,"column":16}},"1":{"start":{"line":10,"column":4},"end":{"line":15,"column":5}},"2":{"start":{"line":11,"column":8},"end":{"line":14,"column":10}},"3":{"start":{"line":18,"column":4},"end":{"line":23,"column":5}},"4":{"start":{"line":19,"column":8},"end":{"line":22,"column":10}},"5":{"start":{"line":26,"column":19},"end":{"line":26,"column":41}},"6":{"start":{"line":27,"column":16},"end":{"line":27,"column":35}},"7":{"start":{"line":29,"column":4},"end":{"line":34,"column":5}},"8":{"start":{"line":30,"column":8},"end":{"line":33,"column":10}},"9":{"start":{"line":36,"column":4},"end":{"line":36,"column":28}},"10":{"start":{"line":39,"column":0},"end":{"line":39,"column":36}}},"fnMap":{"0":{"name":"actualizarAlquiler","decl":{"start":{"line":1,"column":9},"end":{"line":1,"column":27}},"loc":{"start":{"line":1,"column":38},"end":{"line":37,"column":1}},"line":1}},"branchMap":{"0":{"loc":{"start":{"line":10,"column":4},"end":{"line":15,"column":5}},"type":"if","locations":[{"start":{"line":10,"column":4},"end":{"line":15,"column":5}},{"start":{},"end":{}}],"line":10},"1":{"loc":{"start":{"line":10,"column":8},"end":{"line":10,"column":51}},"type":"binary-expr","locations":[{"start":{"line":10,"column":8},"end":{"line":10,"column":20}},{"start":{"line":10,"column":24},"end":{"line":10,"column":37}},{"start":{"line":10,"column":41},"end":{"line":10,"column":51}}],"line":10},"2":{"loc":{"start":{"line":18,"column":4},"end":{"line":23,"column":5}},"type":"if","locations":[{"start":{"line":18,"column":4},"end":{"line":23,"column":5}},{"start":{},"end":{}}],"line":18},"3":{"loc":{"start":{"line":18,"column":8},"end":{"line":18,"column":54}},"type":"binary-expr","locations":[{"start":{"line":18,"column":8},"end":{"line":18,"column":26}},{"start":{"line":18,"column":30},"end":{"line":18,"column":54}}],"line":18},"4":{"loc":{"start":{"line":29,"column":4},"end":{"line":34,"column":5}},"type":"if","locations":[{"start":{"line":29,"column":4},"end":{"line":34,"column":5}},{"start":{},"end":{}}],"line":29}},"s":{"0":4,"1":4,"2":1,"3":3,"4":1,"5":2,"6":2,"7":2,"8":1,"9":1,"10":1},"f":{"0":4},"b":{"0":[1,3],"1":[4,3,3],"2":[1,2],"3":[3,3],"4":[1,1]},"_coverageSchema":"1a1c01bbd47fc00a2c39e90264f33305004495a9","hash":"9b017a35ca83b7123b49b7f7c3d47ac84a419ef0"}
}
