{"C:\\Users\\dell\\Desktop\\UNI\\Programación grupal 2026\\smart_tito_rent\\src\\components\\test\\actualizarAlquiler.js": {"path":"C:\\Users\\dell\\Desktop\\UNI\\Programación grupal 2026\\smart_tito_rent\\src\\components\\test\\actualizarAlquiler.js","statementMap":{"0":{"start":{"line":7,"column":8},"end":{"line":7,"column":16}},"1":{"start":{"line":10,"column":4},"end":{"line":15,"column":5}},"2":{"start":{"line":11,"column":8},"end":{"line":14,"column":10}},"3":{"start":{"line":18,"column":4},"end":{"line":23,"column":5}},"4":{"start":{"line":19,"column":8},"end":{"line":22,"column":10}},"5":{"start":{"line":26,"column":19},"end":{"line":26,"column":41}},"6":{"start":{"line":27,"column":16},"end":{"line":27,"column":35}},"7":{"start":{"line":29,"column":4},"end":{"line":34,"column":5}},"8":{"start":{"line":30,"column":8},"end":{"line":33,"column":10}},"9":{"start":{"line":36,"column":4},"end":{"line":36,"column":28}},"10":{"start":{"line":39,"column":0},"end":{"line":39,"column":36}}},"fnMap":{"0":{"name":"actualizarAlquiler","decl":{"start":{"line":1,"column":9},"end":{"line":1,"column":27}},"loc":{"start":{"line":1,"column":38},"end":{"line":37,"column":1}},"line":1}},"branchMap":{"0":{"loc":{"start":{"line":10,"column":4},"end":{"line":15,"column":5}},"type":"if","locations":[{"start":{"line":10,"column":4},"end":{"line":15,"column":5}},{"start":{},"end":{}}],"line":10},"1":{"loc":{"start":{"line":10,"column":8},"end":{"line":10,"column":51}},"type":"binary-expr","locations":[{"start":{"line":10,"column":8},"end":{"line":10,"column":20}},{"start":{"line":10,"column":24},"end":{"line":10,"column":37}},{"start":{"line":10,"column":41},"end":{"line":10,"column":51}}],"line":10},"2":{"loc":{"start":{"line":18,"column":4},"end":{"line":23,"column":5}},"type":"if","locations":[{"start":{"line":18,"column":4},"end":{"line":23,"column":5}},{"start":{},"end":{}}],"line":18},"3":{"loc":{"start":{"line":18,"column":8},"end":{"line":18,"column":54}},"type":"binary-expr","locations":[{"start":{"line":18,"column":8},"end":{"line":18,"column":26}},{"start":{"line":18,"column":30},"end":{"line":18,"column":54}}],"line":18},"4":{"loc":{"start":{"line":29,"column":4},"end":{"line":34,"column":5}},"type":"if","locations":[{"start":{"line":29,"column":4},"end":{"line":34,"column":5}},{"start":{},"end":{}}],"line":29}},"s":{"0":4,"1":4,"2":1,"3":3,"4":1,"5":2,"6":2,"7":2,"8":1,"9":1,"10":1},"f":{"0":4},"b":{"0":[1,3],"1":[4,3,3],"2":[1,2],"3":[3,3],"4":[1,1]},"_coverageSchema":"1a1c01bbd47fc00a2c39e90264f33305004495a9","hash":"9b017a35ca83b7123b49b7f7c3d47ac84a419ef0"}
,"C:\\Users\\dell\\Desktop\\UNI\\Programación grupal 2026\\smart_tito_rent\\src\\components\\test\\registroAlquiler.js": {"path":"C:\\Users\\dell\\Desktop\\UNI\\Programación grupal 2026\\smart_tito_rent\\src\\components\\test\\registroAlquiler.js","statementMap":{"0":{"start":{"line":7,"column":8},"end":{"line":7,"column":16}},"1":{"start":{"line":10,"column":4},"end":{"line":15,"column":5}},"2":{"start":{"line":11,"column":8},"end":{"line":14,"column":10}},"3":{"start":{"line":18,"column":19},"end":{"line":18,"column":41}},"4":{"start":{"line":19,"column":16},"end":{"line":19,"column":35}},"5":{"start":{"line":21,"column":4},"end":{"line":26,"column":5}},"6":{"start":{"line":22,"column":8},"end":{"line":25,"column":10}},"7":{"start":{"line":28,"column":4},"end":{"line":31,"column":6}},"8":{"start":{"line":34,"column":0},"end":{"line":34,"column":34}}},"fnMap":{"0":{"name":"registroAlquiler","decl":{"start":{"line":1,"column":9},"end":{"line":1,"column":25}},"loc":{"start":{"line":1,"column":36},"end":{"line":32,"column":1}},"line":1}},"branchMap":{"0":{"loc":{"start":{"line":10,"column":4},"end":{"line":15,"column":5}},"type":"if","locations":[{"start":{"line":10,"column":4},"end":{"line":15,"column":5}},{"start":{},"end":{}}],"line":10},"1":{"loc":{"start":{"line":10,"column":8},"end":{"line":10,"column":63}},"type":"binary-expr","locations":[{"start":{"line":10,"column":8},"end":{"line":10,"column":19}},{"start":{"line":10,"column":23},"end":{"line":10,"column":32}},{"start":{"line":10,"column":36},"end":{"line":10,"column":49}},{"start":{"line":10,"column":53},"end":{"line":10,"column":63}}],"line":10},"2":{"loc":{"start":{"line":21,"column":4},"end":{"line":26,"column":5}},"type":"if","locations":[{"start":{"line":21,"column":4},"end":{"line":26,"column":5}},{"start":{},"end":{}}],"line":21}},"s":{"0":5,"1":5,"2":3,"3":2,"4":2,"5":2,"6":1,"7":1,"8":1},"f":{"0":5},"b":{"0":[3,2],"1":[5,3,2,2],"2":[1,1]},"_coverageSchema":"1a1c01bbd47fc00a2c39e90264f33305004495a9","hash":"cc86c4d44c300492505c7ecfe891616f24fbc75f"}
,"C:\\Users\\dell\\Desktop\\UNI\\Programación grupal 2026\\smart_tito_rent\\src\\components\\test\\registroCliente.js": {"path":"C:\\Users\\dell\\Desktop\\UNI\\Programación grupal 2026\\smart_tito_rent\\src\\components\\test\\registroCliente.js","statementMap":{"0":{"start":{"line":11,"column":8},"end":{"line":11,"column":15}},"1":{"start":{"line":14,"column":4},"end":{"line":19,"column":5}},"2":{"start":{"line":15,"column":8},"end":{"line":18,"column":10}},"3":{"start":{"line":22,"column":24},"end":{"line":22,"column":53}},"4":{"start":{"line":24,"column":4},"end":{"line":29,"column":5}},"5":{"start":{"line":25,"column":8},"end":{"line":28,"column":10}},"6":{"start":{"line":32,"column":24},"end":{"line":32,"column":52}},"7":{"start":{"line":34,"column":4},"end":{"line":39,"column":5}},"8":{"start":{"line":35,"column":8},"end":{"line":38,"column":10}},"9":{"start":{"line":42,"column":4},"end":{"line":47,"column":5}},"10":{"start":{"line":43,"column":8},"end":{"line":46,"column":10}},"11":{"start":{"line":49,"column":4},"end":{"line":49,"column":28}},"12":{"start":{"line":52,"column":0},"end":{"line":52,"column":33}}},"fnMap":{"0":{"name":"registroCliente","decl":{"start":{"line":1,"column":9},"end":{"line":1,"column":24}},"loc":{"start":{"line":1,"column":34},"end":{"line":50,"column":1}},"line":1}},"branchMap":{"0":{"loc":{"start":{"line":14,"column":4},"end":{"line":19,"column":5}},"type":"if","locations":[{"start":{"line":14,"column":4},"end":{"line":19,"column":5}},{"start":{},"end":{}}],"line":14},"1":{"loc":{"start":{"line":14,"column":8},"end":{"line":14,"column":89}},"type":"binary-expr","locations":[{"start":{"line":14,"column":8},"end":{"line":14,"column":15}},{"start":{"line":14,"column":19},"end":{"line":14,"column":26}},{"start":{"line":14,"column":30},"end":{"line":14,"column":39}},{"start":{"line":14,"column":43},"end":{"line":14,"column":52}},{"start":{"line":14,"column":56},"end":{"line":14,"column":66}},{"start":{"line":14,"column":70},"end":{"line":14,"column":76}},{"start":{"line":14,"column":80},"end":{"line":14,"column":89}}],"line":14},"2":{"loc":{"start":{"line":24,"column":4},"end":{"line":29,"column":5}},"type":"if","locations":[{"start":{"line":24,"column":4},"end":{"line":29,"column":5}},{"start":{},"end":{}}],"line":24},"3":{"loc":{"start":{"line":34,"column":4},"end":{"line":39,"column":5}},"type":"if","locations":[{"start":{"line":34,"column":4},"end":{"line":39,"column":5}},{"start":{},"end":{}}],"line":34},"4":{"loc":{"start":{"line":42,"column":4},"end":{"line":47,"column":5}},"type":"if","locations":[{"start":{"line":42,"column":4},"end":{"line":47,"column":5}},{"start":{},"end":{}}],"line":42}},"s":{"0":5,"1":5,"2":1,"3":4,"4":4,"5":1,"6":3,"7":3,"8":1,"9":2,"10":1,"11":1,"12":1},"f":{"0":5},"b":{"0":[1,4],"1":[5,4,4,4,4,4,4],"2":[1,3],"3":[1,2],"4":[1,1]},"_coverageSchema":"1a1c01bbd47fc00a2c39e90264f33305004495a9","hash":"cc4a421e37e5b7e1faddfb7d2aa8f454b6c62dfb"}
,"C:\\Users\\dell\\Desktop\\UNI\\Programación grupal 2026\\smart_tito_rent\\src\\components\\test\\registroCoche.js": {"path":"C:\\Users\\dell\\Desktop\\UNI\\Programación grupal 2026\\smart_tito_rent\\src\\components\\test\\registroCoche.js","statementMap":{"0":{"start":{"line":10,"column":8},"end":{"line":10,"column":13}},"1":{"start":{"line":13,"column":4},"end":{"line":18,"column":5}},"2":{"start":{"line":14,"column":8},"end":{"line":17,"column":10}},"3":{"start":{"line":21,"column":4},"end":{"line":26,"column":5}},"4":{"start":{"line":22,"column":8},"end":{"line":25,"column":10}},"5":{"start":{"line":29,"column":4},"end":{"line":34,"column":5}},"6":{"start":{"line":30,"column":8},"end":{"line":33,"column":10}},"7":{"start":{"line":37,"column":23},"end":{"line":37,"column":43}},"8":{"start":{"line":39,"column":4},"end":{"line":44,"column":5}},"9":{"start":{"line":40,"column":8},"end":{"line":43,"column":10}},"10":{"start":{"line":46,"column":4},"end":{"line":46,"column":28}},"11":{"start":{"line":49,"column":0},"end":{"line":49,"column":31}}},"fnMap":{"0":{"name":"registroCoche","decl":{"start":{"line":1,"column":9},"end":{"line":1,"column":22}},"loc":{"start":{"line":1,"column":30},"end":{"line":47,"column":1}},"line":1}},"branchMap":{"0":{"loc":{"start":{"line":13,"column":4},"end":{"line":18,"column":5}},"type":"if","locations":[{"start":{"line":13,"column":4},"end":{"line":18,"column":5}},{"start":{},"end":{}}],"line":13},"1":{"loc":{"start":{"line":13,"column":8},"end":{"line":13,"column":74}},"type":"binary-expr","locations":[{"start":{"line":13,"column":8},"end":{"line":13,"column":14}},{"start":{"line":13,"column":18},"end":{"line":13,"column":25}},{"start":{"line":13,"column":29},"end":{"line":13,"column":34}},{"start":{"line":13,"column":38},"end":{"line":13,"column":44}},{"start":{"line":13,"column":48},"end":{"line":13,"column":54}},{"start":{"line":13,"column":58},"end":{"line":13,"column":74}}],"line":13},"2":{"loc":{"start":{"line":21,"column":4},"end":{"line":26,"column":5}},"type":"if","locations":[{"start":{"line":21,"column":4},"end":{"line":26,"column":5}},{"start":{},"end":{}}],"line":21},"3":{"loc":{"start":{"line":21,"column":8},"end":{"line":21,"column":42}},"type":"binary-expr","locations":[{"start":{"line":21,"column":8},"end":{"line":21,"column":19}},{"start":{"line":21,"column":23},"end":{"line":21,"column":42}}],"line":21},"4":{"loc":{"start":{"line":29,"column":4},"end":{"line":34,"column":5}},"type":"if","locations":[{"start":{"line":29,"column":4},"end":{"line":34,"column":5}},{"start":{},"end":{}}],"line":29},"5":{"loc":{"start":{"line":29,"column":8},"end":{"line":29,"column":50}},"type":"binary-expr","locations":[{"start":{"line":29,"column":8},"end":{"line":29,"column":24}},{"start":{"line":29,"column":28},"end":{"line":29,"column":50}}],"line":29},"6":{"loc":{"start":{"line":39,"column":4},"end":{"line":44,"column":5}},"type":"if","locations":[{"start":{"line":39,"column":4},"end":{"line":44,"column":5}},{"start":{},"end":{}}],"line":39}},"s":{"0":5,"1":5,"2":1,"3":4,"4":1,"5":3,"6":1,"7":2,"8":2,"9":1,"10":1,"11":1},"f":{"0":5},"b":{"0":[1,4],"1":[5,4,4,4,4,4],"2":[1,3],"3":[4,4],"4":[1,2],"5":[3,3],"6":[1,1]},"_coverageSchema":"1a1c01bbd47fc00a2c39e90264f33305004495a9","hash":"09f0397dd3713c41120ab7dd0863aad52284c87b"}
,"C:\\Users\\dell\\Desktop\\UNI\\Programación grupal 2026\\smart_tito_rent\\src\\components\\test\\registroEmpleado.js": {"path":"C:\\Users\\dell\\Desktop\\UNI\\Programación grupal 2026\\smart_tito_rent\\src\\components\\test\\registroEmpleado.js","statementMap":{"0":{"start":{"line":11,"column":8},"end":{"line":11,"column":16}},"1":{"start":{"line":14,"column":4},"end":{"line":19,"column":5}},"2":{"start":{"line":15,"column":8},"end":{"line":18,"column":10}},"3":{"start":{"line":22,"column":24},"end":{"line":22,"column":53}},"4":{"start":{"line":24,"column":4},"end":{"line":29,"column":5}},"5":{"start":{"line":25,"column":8},"end":{"line":28,"column":10}},"6":{"start":{"line":32,"column":24},"end":{"line":32,"column":52}},"7":{"start":{"line":34,"column":4},"end":{"line":39,"column":5}},"8":{"start":{"line":35,"column":8},"end":{"line":38,"column":10}},"9":{"start":{"line":42,"column":4},"end":{"line":47,"column":5}},"10":{"start":{"line":43,"column":8},"end":{"line":46,"column":10}},"11":{"start":{"line":49,"column":4},"end":{"line":49,"column":28}},"12":{"start":{"line":52,"column":0},"end":{"line":52,"column":34}}},"fnMap":{"0":{"name":"registroEmpleado","decl":{"start":{"line":1,"column":9},"end":{"line":1,"column":25}},"loc":{"start":{"line":1,"column":36},"end":{"line":50,"column":1}},"line":1}},"branchMap":{"0":{"loc":{"start":{"line":14,"column":4},"end":{"line":19,"column":5}},"type":"if","locations":[{"start":{"line":14,"column":4},"end":{"line":19,"column":5}},{"start":{},"end":{}}],"line":14},"1":{"loc":{"start":{"line":14,"column":8},"end":{"line":14,"column":88}},"type":"binary-expr","locations":[{"start":{"line":14,"column":8},"end":{"line":14,"column":12}},{"start":{"line":14,"column":16},"end":{"line":14,"column":23}},{"start":{"line":14,"column":27},"end":{"line":14,"column":35}},{"start":{"line":14,"column":39},"end":{"line":14,"column":49}},{"start":{"line":14,"column":53},"end":{"line":14,"column":63}},{"start":{"line":14,"column":67},"end":{"line":14,"column":73}},{"start":{"line":14,"column":77},"end":{"line":14,"column":88}}],"line":14},"2":{"loc":{"start":{"line":24,"column":4},"end":{"line":29,"column":5}},"type":"if","locations":[{"start":{"line":24,"column":4},"end":{"line":29,"column":5}},{"start":{},"end":{}}],"line":24},"3":{"loc":{"start":{"line":34,"column":4},"end":{"line":39,"column":5}},"type":"if","locations":[{"start":{"line":34,"column":4},"end":{"line":39,"column":5}},{"start":{},"end":{}}],"line":34},"4":{"loc":{"start":{"line":42,"column":4},"end":{"line":47,"column":5}},"type":"if","locations":[{"start":{"line":42,"column":4},"end":{"line":47,"column":5}},{"start":{},"end":{}}],"line":42}},"s":{"0":5,"1":5,"2":1,"3":4,"4":4,"5":1,"6":3,"7":3,"8":1,"9":2,"10":1,"11":1,"12":1},"f":{"0":5},"b":{"0":[1,4],"1":[5,4,4,4,4,4,4],"2":[1,3],"3":[1,2],"4":[1,1]},"_coverageSchema":"1a1c01bbd47fc00a2c39e90264f33305004495a9","hash":"7554185b910f3539e7e4700090dbb654d9b559fd"}
}
