TN:
SF:src\components\test\actualizarAlquiler.js
FN:1,actualizarAlquiler
FNF:1
FNH:1
FNDA:4,actualizarAlquiler
DA:7,4
DA:10,4
DA:11,1
DA:18,3
DA:19,1
DA:26,2
DA:27,2
DA:29,2
DA:30,1
DA:36,1
DA:39,1
LF:11
LH:11
BRDA:10,0,0,1
BRDA:10,0,1,3
BRDA:10,1,0,4
BRDA:10,1,1,3
BRDA:10,1,2,3
BRDA:18,2,0,1
BRDA:18,2,1,2
BRDA:18,3,0,3
BRDA:18,3,1,3
BRDA:29,4,0,1
BRDA:29,4,1,1
BRF:11
BRH:11
end_of_record
TN:
SF:src\components\test\registroAlquiler.js
FN:1,registroAlquiler
FNF:1
FNH:1
FNDA:5,registroAlquiler
DA:7,5
DA:10,5
DA:11,3
DA:18,2
DA:19,2
DA:21,2
DA:22,1
DA:28,1
DA:34,1
LF:9
LH:9
BRDA:10,0,0,3
BRDA:10,0,1,2
BRDA:10,1,0,5
BRDA:10,1,1,3
BRDA:10,1,2,2
BRDA:10,1,3,2
BRDA:21,2,0,1
BRDA:21,2,1,1
BRF:8
BRH:8
end_of_record
TN:
SF:src\components\test\registroCliente.js
FN:1,registroCliente
FNF:1
FNH:1
FNDA:5,registroCliente
DA:11,5
DA:14,5
DA:15,1
DA:22,4
DA:24,4
DA:25,1
DA:32,3
DA:34,3
DA:35,1
DA:42,2
DA:43,1
DA:49,1
DA:52,1
LF:13
LH:13
BRDA:14,0,0,1
BRDA:14,0,1,4
BRDA:14,1,0,5
BRDA:14,1,1,4
BRDA:14,1,2,4
BRDA:14,1,3,4
BRDA:14,1,4,4
BRDA:14,1,5,4
BRDA:14,1,6,4
BRDA:24,2,0,1
BRDA:24,2,1,3
BRDA:34,3,0,1
BRDA:34,3,1,2
BRDA:42,4,0,1
BRDA:42,4,1,1
BRF:15
BRH:15
end_of_record
TN:
SF:src\components\test\registroCoche.js
FN:1,registroCoche
FNF:1
FNH:1
FNDA:5,registroCoche
DA:10,5
DA:13,5
DA:14,1
DA:21,4
DA:22,1
DA:29,3
DA:30,1
DA:37,2
DA:39,2
DA:40,1
DA:46,1
DA:49,1
LF:12
LH:12
BRDA:13,0,0,1
BRDA:13,0,1,4
BRDA:13,1,0,5
BRDA:13,1,1,4
BRDA:13,1,2,4
BRDA:13,1,3,4
BRDA:13,1,4,4
BRDA:13,1,5,4
BRDA:21,2,0,1
BRDA:21,2,1,3
BRDA:21,3,0,4
BRDA:21,3,1,4
BRDA:29,4,0,1
BRDA:29,4,1,2
BRDA:29,5,0,3
BRDA:29,5,1,3
BRDA:39,6,0,1
BRDA:39,6,1,1
BRF:18
BRH:18
end_of_record
TN:
SF:src\components\test\registroEmpleado.js
FN:1,registroEmpleado
FNF:1
FNH:1
FNDA:5,registroEmpleado
DA:11,5
DA:14,5
DA:15,1
DA:22,4
DA:24,4
DA:25,1
DA:32,3
DA:34,3
DA:35,1
DA:42,2
DA:43,1
DA:49,1
DA:52,1
LF:13
LH:13
BRDA:14,0,0,1
BRDA:14,0,1,4
BRDA:14,1,0,5
BRDA:14,1,1,4
BRDA:14,1,2,4
BRDA:14,1,3,4
BRDA:14,1,4,4
BRDA:14,1,5,4
BRDA:14,1,6,4
BRDA:24,2,0,1
BRDA:24,2,1,3
BRDA:34,3,0,1
BRDA:34,3,1,2
BRDA:42,4,0,1
BRDA:42,4,1,1
BRF:15
BRH:15
end_of_record
